# JRE version: OpenJDK Runtime Environment (21.0.5) (build 21.0.5+-12932927-b750.29)
# Java VM: OpenJDK 64-Bit Server VM (21.0.5+-12932927-b750.29, mixed mode, tiered, compressed oops, compressed class ptrs, g1 gc, windows-amd64)
GC Precious Log:
 CardTable entry size: 512
 Card Set container configuration: InlinePtr #cards 5 size 8 Array Of Cards #cards 12 size 40 Howl #buckets 4 coarsen threshold 1843 Howl Bitmap #cards 512 size 80 coarsen threshold 460 Card regions per heap region 1 cards per card region 2048
 CPUs: 12 total, 12 available
 Memory: 7583M
 Large Page Support: Disabled
 NUMA Support: Disabled
 Compressed Oops: Enabled (32-bit)
 Heap Region Size: 1M
 Heap Min Capacity: 8M
 Heap Initial Capacity: 120M
 Heap Max Capacity: 2G
 Pre-touch: Disabled
 Parallel Workers: 10
 Concurrent Workers: 3
 Concurrent Refinement Workers: 10
 Periodic GC: Disabled
Heap:
 garbage-first heap   total 369664K, used 179887K [0x0000000080000000, 0x0000000100000000)
  region size 1024K, 3 young (3072K), 3 survivors (3072K)
 Metaspace       used 64741K, committed 66240K, reserved 1114112K
  class space    used 8703K, committed 9472K, reserved 1048576K
GC Heap History (20 events):
Event: 42.149 GC heap after
{Heap after GC invocations=48 (full 0):
 garbage-first heap   total 220160K, used 78834K [0x0000000080000000, 0x0000000100000000)
  region size 1024K, 6 young (6144K), 6 survivors (6144K)
 Metaspace       used 64540K, committed 66112K, reserved 1114112K
  class space    used 8706K, committed 9472K, reserved 1048576K
}
Event: 42.497 GC heap before
{Heap before GC invocations=49 (full 0):
 garbage-first heap   total 220160K, used 205810K [0x0000000080000000, 0x0000000100000000)
  region size 1024K, 125 young (128000K), 6 survivors (6144K)
 Metaspace       used 64577K, committed 66112K, reserved 1114112K
  class space    used 8709K, committed 9472K, reserved 1048576K
}
Event: 42.505 GC heap after
{Heap after GC invocations=50 (full 0):
 garbage-first heap   total 220160K, used 90609K [0x0000000080000000, 0x0000000100000000)
  region size 1024K, 11 young (11264K), 11 survivors (11264K)
 Metaspace       used 64577K, committed 66112K, reserved 1114112K
  class space    used 8709K, committed 9472K, reserved 1048576K
}
Event: 42.941 GC heap before
{Heap before GC invocations=50 (full 0):
 garbage-first heap   total 220160K, used 196081K [0x0000000080000000, 0x0000000100000000)
  region size 1024K, 114 young (116736K), 11 survivors (11264K)
 Metaspace       used 64580K, committed 66112K, reserved 1114112K
  class space    used 8709K, committed 9472K, reserved 1048576K
}
Event: 42.953 GC heap after
{Heap after GC invocations=51 (full 0):
 garbage-first heap   total 220160K, used 95381K [0x0000000080000000, 0x0000000100000000)
  region size 1024K, 13 young (13312K), 13 survivors (13312K)
 Metaspace       used 64580K, committed 66112K, reserved 1114112K
  class space    used 8709K, committed 9472K, reserved 1048576K
}
Event: 43.136 GC heap before
{Heap before GC invocations=51 (full 0):
 garbage-first heap   total 220160K, used 193685K [0x0000000080000000, 0x0000000100000000)
  region size 1024K, 109 young (111616K), 13 survivors (13312K)
 Metaspace       used 64580K, committed 66112K, reserved 1114112K
  class space    used 8709K, committed 9472K, reserved 1048576K
}
Event: 43.147 GC heap after
{Heap after GC invocations=52 (full 0):
 garbage-first heap   total 220160K, used 100258K [0x0000000080000000, 0x0000000100000000)
  region size 1024K, 11 young (11264K), 11 survivors (11264K)
 Metaspace       used 64580K, committed 66112K, reserved 1114112K
  class space    used 8709K, committed 9472K, reserved 1048576K
}
Event: 43.474 GC heap before
{Heap before GC invocations=53 (full 0):
 garbage-first heap   total 220160K, used 199586K [0x0000000080000000, 0x0000000100000000)
  region size 1024K, 104 young (106496K), 11 survivors (11264K)
 Metaspace       used 64638K, committed 66176K, reserved 1114112K
  class space    used 8706K, committed 9472K, reserved 1048576K
}
Event: 43.518 GC heap after
{Heap after GC invocations=54 (full 0):
 garbage-first heap   total 253952K, used 141312K [0x0000000080000000, 0x0000000100000000)
  region size 1024K, 13 young (13312K), 13 survivors (13312K)
 Metaspace       used 64638K, committed 66176K, reserved 1114112K
  class space    used 8706K, committed 9472K, reserved 1048576K
}
Event: 43.670 GC heap before
{Heap before GC invocations=54 (full 0):
 garbage-first heap   total 253952K, used 209920K [0x0000000080000000, 0x0000000100000000)
  region size 1024K, 79 young (80896K), 13 survivors (13312K)
 Metaspace       used 64661K, committed 66176K, reserved 1114112K
  class space    used 8706K, committed 9472K, reserved 1048576K
}
Event: 44.709 GC heap after
{Heap after GC invocations=55 (full 0):
 garbage-first heap   total 369664K, used 169984K [0x0000000080000000, 0x0000000100000000)
  region size 1024K, 10 young (10240K), 10 survivors (10240K)
 Metaspace       used 64661K, committed 66176K, reserved 1114112K
  class space    used 8706K, committed 9472K, reserved 1048576K
}
Event: 44.733 GC heap before
{Heap before GC invocations=55 (full 0):
 garbage-first heap   total 369664K, used 178176K [0x0000000080000000, 0x0000000100000000)
  region size 1024K, 18 young (18432K), 10 survivors (10240K)
 Metaspace       used 64665K, committed 66176K, reserved 1114112K
  class space    used 8706K, committed 9472K, reserved 1048576K
}
Event: 44.745 GC heap after
{Heap after GC invocations=56 (full 0):
 garbage-first heap   total 369664K, used 176640K [0x0000000080000000, 0x0000000100000000)
  region size 1024K, 3 young (3072K), 3 survivors (3072K)
 Metaspace       used 64665K, committed 66176K, reserved 1114112K
  class space    used 8706K, committed 9472K, reserved 1048576K
}
Event: 44.755 GC heap before
{Heap before GC invocations=56 (full 0):
 garbage-first heap   total 369664K, used 177664K [0x0000000080000000, 0x0000000100000000)
  region size 1024K, 5 young (5120K), 3 survivors (3072K)
 Metaspace       used 64670K, committed 66176K, reserved 1114112K
  class space    used 8706K, committed 9472K, reserved 1048576K
}
Event: 44.758 GC heap after
{Heap after GC invocations=57 (full 0):
 garbage-first heap   total 369664K, used 179630K [0x0000000080000000, 0x0000000100000000)
  region size 1024K, 2 young (2048K), 2 survivors (2048K)
 Metaspace       used 64670K, committed 66176K, reserved 1114112K
  class space    used 8706K, committed 9472K, reserved 1048576K
}
Event: 44.918 GC heap before
{Heap before GC invocations=58 (full 0):
 garbage-first heap   total 369664K, used 184750K [0x0000000080000000, 0x0000000100000000)
  region size 1024K, 18 young (18432K), 2 survivors (2048K)
 Metaspace       used 64658K, committed 66176K, reserved 1114112K
  class space    used 8703K, committed 9472K, reserved 1048576K
}
Event: 44.930 GC heap after
{Heap after GC invocations=59 (full 0):
 garbage-first heap   total 369664K, used 179970K [0x0000000080000000, 0x0000000100000000)
  region size 1024K, 3 young (3072K), 3 survivors (3072K)
 Metaspace       used 64658K, committed 66176K, reserved 1114112K
  class space    used 8703K, committed 9472K, reserved 1048576K
}
Event: 45.039 GC heap before
{Heap before GC invocations=59 (full 0):
 garbage-first heap   total 369664K, used 194306K [0x0000000080000000, 0x0000000100000000)
  region size 1024K, 18 young (18432K), 3 survivors (3072K)
 Metaspace       used 64729K, committed 66240K, reserved 1114112K
  class space    used 8703K, committed 9472K, reserved 1048576K
}
Event: 45.050 GC heap after
{Heap after GC invocations=60 (full 0):
 garbage-first heap   total 369664K, used 181248K [0x0000000080000000, 0x0000000100000000)
  region size 1024K, 3 young (3072K), 3 survivors (3072K)
 Metaspace       used 64729K, committed 66240K, reserved 1114112K
  class space    used 8703K, committed 9472K, reserved 1048576K
}
Event: 45.069 GC heap before
{Heap before GC invocations=60 (full 0):
 garbage-first heap   total 369664K, used 195584K [0x0000000080000000, 0x0000000100000000)
  region size 1024K, 18 young (18432K), 3 survivors (3072K)
 Metaspace       used 64741K, committed 66240K, reserved 1114112K
  class space    used 8703K, committed 9472K, reserved 1048576K
}

